        -:    0:Source:test.cpp
        -:    0:Graph:test.gcno
        -:    0:Data:test.gcda
        -:    0:Runs:1
        -:    0:Programs:1
        -:    1:#include "Header.h"
        -:    2:#include <assert.h>
        -:    3:#include <stdio.h>
        -:    4:#include <iostream>
        -:    5:#include <fstream>
        -:    6:#include <cstring>
function _Z4testv called 1 returned 0% blocks executed 8%
        1:    7:void test(){
        -:    8:    FILE *file;
        1:    9:    if ((file= fopen("file.txt","r")) == NULL){
        1:    9-block  0
unconditional  0 taken 1
        1:    9-block  1
branch  1 taken 1
branch  2 taken 0
        1:   10:        std::cout<<"Mistake";
        1:   11:        exit(0);
        1:   11-block  0
        -:   12:        }
    #####:   13:    List a;
    #####:   14:    while(!feof(file)){
    $$$$$:   14-block  0
unconditional  0 never executed
    $$$$$:   14-block  1
branch  1 never executed
branch  2 never executed
    $$$$$:   14-block  2
branch  3 never executed
branch  4 never executed
    $$$$$:   14-block  3
unconditional  5 never executed
    #####:   15:        a.Push_back(file);
    $$$$$:   15-block  0
branch  0 never executed
branch  1 never executed
        -:   16:        } 
    #####:   17:    assert(a.Size()==3);
    $$$$$:   17-block  0
branch  0 never executed
branch  1 never executed
    $$$$$:   17-block  1
branch  2 never executed
branch  3 never executed
    $$$$$:   17-block  2
branch  4 never executed
branch  5 never executed
    $$$$$:   17-block  3
    $$$$$:   17-block  4
unconditional  6 never executed
    $$$$$:   17-block  5
unconditional  7 never executed
    #####:   18:    assert(a.Empty()==false);
    $$$$$:   18-block  0
branch  0 never executed
branch  1 never executed
    $$$$$:   18-block  1
branch  2 never executed
branch  3 never executed
    $$$$$:   18-block  2
branch  4 never executed
branch  5 never executed
    $$$$$:   18-block  3
    $$$$$:   18-block  4
unconditional  6 never executed
    $$$$$:   18-block  5
unconditional  7 never executed
        -:   19:    
    #####:   20:}
    $$$$$:   20-block  0
branch  0 never executed
branch  1 never executed
    $$$$$:   20-block  1
unconditional  2 never executed
    $$$$$:   20-block  2
unconditional  3 never executed
    $$$$$:   20-block  3
    $$$$$:   20-block  4
        -:   21:#undef main
function main called 1 returned 100% blocks executed 100%
        1:   22:int main(){
        1:   22-block  0
unconditional  0 taken 1
        1:   23:    test();
        1:   24:    return 0;
        1:   24-block  0
unconditional  0 taken 1
        -:   25:}
